2017-02-10 20:35:22.0447 [DEBUG] Authenticating with server...
2017-02-10 20:35:22.2390 [DEBUG] Connected to room. (3137:FusionScene:SceneFusion)
2017-02-10 20:35:22.2449 [INFO] Connected to server.
2017-02-10 20:35:22.2494 [DEBUG] OS : Microsoft Windows NT 10.0.14393.0
2017-02-10 20:35:22.2494 [DEBUG] Unity Version : 5.5.1f1
2017-02-10 20:35:22.2494 [DEBUG] Pro License : True
2017-02-10 20:35:22.2499 [DEBUG] Platform : WindowsEditor
2017-02-10 20:35:22.2499 [DEBUG] Build Target : StandaloneWindows
2017-02-10 20:35:22.2499 [DEBUG] Scene Fusion version : 1.2.0
2017-02-10 20:35:22.2499 [DEBUG] User : peter.witt.joergensen@gmail.com
2017-02-10 20:35:22.3338 [DEBUG] Tier: Beta, Permissions: FFFFFFFF
2017-02-10 20:35:22.3343 [DEBUG] User Permissions: FFFFFFFF
2017-02-10 20:35:32.5866 [ERROR] Disconnected: TIMEOUT
2017-02-10 20:35:32.5911 [DEBUG] Disconnect. (Duration: 10)
2017-02-10 20:35:39.9422 [DEBUG] Authenticating with server...
2017-02-10 20:35:39.9628 [DEBUG] Authentication with the remote host failed. (3137:FusionScene:SceneFusion)
2017-02-10 20:35:39.9633 [DEBUG] Connection Failed. (3137:FusionScene:SceneFusion)
2017-02-10 20:35:39.9688 [WARNING] Connection failed: RESET, retrying...
2017-02-10 20:35:41.9636 [DEBUG] Connecting to room (3137:FusionScene:SceneFusion) via TCP at console.kinematicsoup.com:1026
2017-02-10 20:35:41.9827 [DEBUG] Authenticating with server...
2017-02-10 20:35:42.0002 [DEBUG] Authentication with the remote host failed. (3137:FusionScene:SceneFusion)
2017-02-10 20:35:42.0007 [DEBUG] Connection Failed. (3137:FusionScene:SceneFusion)
2017-02-10 20:35:42.0012 [WARNING] Connection failed: RESET, retrying...
2017-02-10 20:35:43.9977 [DEBUG] Connecting to room (3137:FusionScene:SceneFusion) via TCP at console.kinematicsoup.com:1026
2017-02-10 20:35:44.0170 [DEBUG] Authenticating with server...
2017-02-10 20:35:44.0352 [DEBUG] Authentication with the remote host failed. (3137:FusionScene:SceneFusion)
2017-02-10 20:35:44.0357 [DEBUG] Connection Failed. (3137:FusionScene:SceneFusion)
2017-02-10 20:35:44.0397 [ERROR] Connection failed: RESET
